<?xml version="1.0" encoding="UTF-8"?>
<!-- Generated by org.testng.reporters.JUnitReportReporter -->
<testsuite hostname="Bibha" failures="0" tests="4" name="com.projectObjectModel.UserManagementTest" time="14.140" errors="0" timestamp="2024-11-05T23:29:34 CET" skipped="0">
  <testcase classname="com.projectObjectModel.UserManagementTest" name="adminTest" time="2.272"/>
  <testcase classname="com.projectObjectModel.UserManagementTest" name="searchRecordByUserName" time="4.104"/>
  <testcase classname="com.projectObjectModel.UserManagementTest" name="searchRecordByUserRole" time="3.992"/>
  <testcase classname="com.projectObjectModel.UserManagementTest" name="searchRecordByUserStatus" time="3.772"/>
</testsuite> <!-- com.projectObjectModel.UserManagementTest -->
